# JRE version: OpenJDK Runtime Environment (11.0.8) (build 11.0.8+0-b944-P17168821)
# Java VM: OpenJDK 64-Bit Server VM (11.0.8+0-b944-6842174, mixed mode, tiered, compressed oops, g1 gc, linux-amd64)
Heap:
 garbage-first heap   total 373760K, used 273815K [0x0000000080000000, 0x0000000100000000)
  region size 1024K, 139 young (142336K), 3 survivors (3072K)
 Metaspace       used 226701K, capacity 231981K, committed 232788K, reserved 1255424K
  class space    used 25922K, capacity 27860K, committed 27904K, reserved 1048576K
GC Heap History (20 events):
Event: 18066,160 GC heap before
{Heap before GC invocations=237 (full 0):
 garbage-first heap   total 373760K, used 157369K [0x0000000080000000, 0x0000000100000000)
  region size 1024K, 18 young (18432K), 3 survivors (3072K)
 Metaspace       used 226535K, capacity 231755K, committed 232532K, reserved 1253376K
  class space    used 25918K, capacity 27855K, committed 27904K, reserved 1048576K
}
Event: 18066,172 GC heap after
{Heap after GC invocations=238 (full 0):
 garbage-first heap   total 373760K, used 124893K [0x0000000080000000, 0x0000000100000000)
  region size 1024K, 1 young (1024K), 1 survivors (1024K)
 Metaspace       used 226535K, capacity 231755K, committed 232532K, reserved 1253376K
  class space    used 25918K, capacity 27855K, committed 27904K, reserved 1048576K
}
Event: 18066,204 GC heap before
{Heap before GC invocations=238 (full 0):
 garbage-first heap   total 373760K, used 141277K [0x0000000080000000, 0x0000000100000000)
  region size 1024K, 18 young (18432K), 1 survivors (1024K)
 Metaspace       used 226535K, capacity 231755K, committed 232532K, reserved 1253376K
  class space    used 25918K, capacity 27855K, committed 27904K, reserved 1048576K
}
Event: 18066,219 GC heap after
{Heap after GC invocations=239 (full 0):
 garbage-first heap   total 373760K, used 117660K [0x0000000080000000, 0x0000000100000000)
  region size 1024K, 2 young (2048K), 2 survivors (2048K)
 Metaspace       used 226535K, capacity 231755K, committed 232532K, reserved 1253376K
  class space    used 25918K, capacity 27855K, committed 27904K, reserved 1048576K
}
Event: 18066,819 GC heap before
{Heap before GC invocations=239 (full 0):
 garbage-first heap   total 373760K, used 149404K [0x0000000080000000, 0x0000000100000000)
  region size 1024K, 34 young (34816K), 2 survivors (2048K)
 Metaspace       used 226535K, capacity 231755K, committed 232532K, reserved 1253376K
  class space    used 25918K, capacity 27855K, committed 27904K, reserved 1048576K
}
Event: 18066,826 GC heap after
{Heap after GC invocations=240 (full 0):
 garbage-first heap   total 373760K, used 120369K [0x0000000080000000, 0x0000000100000000)
  region size 1024K, 4 young (4096K), 4 survivors (4096K)
 Metaspace       used 226535K, capacity 231755K, committed 232532K, reserved 1253376K
  class space    used 25918K, capacity 27855K, committed 27904K, reserved 1048576K
}
Event: 18066,972 GC heap before
{Heap before GC invocations=240 (full 0):
 garbage-first heap   total 373760K, used 152113K [0x0000000080000000, 0x0000000100000000)
  region size 1024K, 42 young (43008K), 4 survivors (4096K)
 Metaspace       used 226535K, capacity 231755K, committed 232532K, reserved 1253376K
  class space    used 25918K, capacity 27855K, committed 27904K, reserved 1048576K
}
Event: 18066,989 GC heap after
{Heap after GC invocations=241 (full 0):
 garbage-first heap   total 373760K, used 114060K [0x0000000080000000, 0x0000000100000000)
  region size 1024K, 3 young (3072K), 3 survivors (3072K)
 Metaspace       used 226535K, capacity 231755K, committed 232532K, reserved 1253376K
  class space    used 25918K, capacity 27855K, committed 27904K, reserved 1048576K
}
Event: 18108,070 GC heap before
{Heap before GC invocations=242 (full 0):
 garbage-first heap   total 373760K, used 257420K [0x0000000080000000, 0x0000000100000000)
  region size 1024K, 116 young (118784K), 3 survivors (3072K)
 Metaspace       used 226594K, capacity 231755K, committed 232532K, reserved 1253376K
  class space    used 25918K, capacity 27855K, committed 27904K, reserved 1048576K
}
Event: 18108,079 GC heap after
{Heap after GC invocations=243 (full 0):
 garbage-first heap   total 373760K, used 116835K [0x0000000080000000, 0x0000000100000000)
  region size 1024K, 6 young (6144K), 6 survivors (6144K)
 Metaspace       used 226594K, capacity 231755K, committed 232532K, reserved 1253376K
  class space    used 25918K, capacity 27855K, committed 27904K, reserved 1048576K
}
Event: 18108,145 GC heap before
{Heap before GC invocations=243 (full 0):
 garbage-first heap   total 373760K, used 128099K [0x0000000080000000, 0x0000000100000000)
  region size 1024K, 18 young (18432K), 6 survivors (6144K)
 Metaspace       used 226604K, capacity 231819K, committed 232788K, reserved 1255424K
  class space    used 25918K, capacity 27855K, committed 27904K, reserved 1048576K
}
Event: 18108,169 GC heap after
{Heap after GC invocations=244 (full 0):
 garbage-first heap   total 373760K, used 104800K [0x0000000080000000, 0x0000000100000000)
  region size 1024K, 1 young (1024K), 1 survivors (1024K)
 Metaspace       used 226604K, capacity 231819K, committed 232788K, reserved 1255424K
  class space    used 25918K, capacity 27855K, committed 27904K, reserved 1048576K
}
Event: 18108,914 GC heap before
{Heap before GC invocations=244 (full 0):
 garbage-first heap   total 373760K, used 194912K [0x0000000080000000, 0x0000000100000000)
  region size 1024K, 90 young (92160K), 1 survivors (1024K)
 Metaspace       used 226612K, capacity 231819K, committed 232788K, reserved 1255424K
  class space    used 25918K, capacity 27855K, committed 27904K, reserved 1048576K
}
Event: 18108,920 GC heap after
{Heap after GC invocations=245 (full 0):
 garbage-first heap   total 373760K, used 107217K [0x0000000080000000, 0x0000000100000000)
  region size 1024K, 4 young (4096K), 4 survivors (4096K)
 Metaspace       used 226612K, capacity 231819K, committed 232788K, reserved 1255424K
  class space    used 25918K, capacity 27855K, committed 27904K, reserved 1048576K
}
Event: 18265,084 GC heap before
{Heap before GC invocations=246 (full 0):
 garbage-first heap   total 373760K, used 267985K [0x0000000080000000, 0x0000000100000000)
  region size 1024K, 134 young (137216K), 4 survivors (4096K)
 Metaspace       used 226639K, capacity 231883K, committed 232788K, reserved 1255424K
  class space    used 25918K, capacity 27855K, committed 27904K, reserved 1048576K
}
Event: 18265,100 GC heap after
{Heap after GC invocations=247 (full 0):
 garbage-first heap   total 373760K, used 110302K [0x0000000080000000, 0x0000000100000000)
  region size 1024K, 7 young (7168K), 7 survivors (7168K)
 Metaspace       used 226639K, capacity 231883K, committed 232788K, reserved 1255424K
  class space    used 25918K, capacity 27855K, committed 27904K, reserved 1048576K
}
Event: 18265,136 GC heap before
{Heap before GC invocations=247 (full 0):
 garbage-first heap   total 373760K, used 120542K [0x0000000080000000, 0x0000000100000000)
  region size 1024K, 18 young (18432K), 7 survivors (7168K)
 Metaspace       used 226639K, capacity 231883K, committed 232788K, reserved 1255424K
  class space    used 25918K, capacity 27855K, committed 27904K, reserved 1048576K
}
Event: 18265,154 GC heap after
{Heap after GC invocations=248 (full 0):
 garbage-first heap   total 373760K, used 105942K [0x0000000080000000, 0x0000000100000000)
  region size 1024K, 1 young (1024K), 1 survivors (1024K)
 Metaspace       used 226639K, capacity 231883K, committed 232788K, reserved 1255424K
  class space    used 25918K, capacity 27855K, committed 27904K, reserved 1048576K
}
Event: 18265,869 GC heap before
{Heap before GC invocations=248 (full 0):
 garbage-first heap   total 373760K, used 183766K [0x0000000080000000, 0x0000000100000000)
  region size 1024K, 79 young (80896K), 1 survivors (1024K)
 Metaspace       used 226650K, capacity 231955K, committed 232788K, reserved 1255424K
  class space    used 25919K, capacity 27856K, committed 27904K, reserved 1048576K
}
Event: 18265,883 GC heap after
{Heap after GC invocations=249 (full 0):
 garbage-first heap   total 373760K, used 107927K [0x0000000080000000, 0x0000000100000000)
  region size 1024K, 3 young (3072K), 3 survivors (3072K)
 Metaspace       used 226650K, capacity 231955K, committed 232788K, reserved 1255424K
  class space    used 25919K, capacity 27856K, committed 27904K, reserved 1048576K
}

