# JRE version: OpenJDK Runtime Environment (11.0.8) (build 11.0.8+0-b944-P17168821)
# Java VM: OpenJDK 64-Bit Server VM (11.0.8+0-b944-6842174, mixed mode, tiered, compressed oops, g1 gc, linux-amd64)
Heap:
 garbage-first heap   total 324608K, used 217468K [0x0000000080000000, 0x0000000100000000)
  region size 1024K, 38 young (38912K), 3 survivors (3072K)
 Metaspace       used 138405K, capacity 143254K, committed 143556K, reserved 1173504K
  class space    used 17178K, capacity 18864K, committed 18988K, reserved 1048576K
GC Heap History (20 events):
Event: 1120,107 GC heap before
{Heap before GC invocations=85 (full 0):
 garbage-first heap   total 324608K, used 185208K [0x0000000080000000, 0x0000000100000000)
  region size 1024K, 17 young (17408K), 1 survivors (1024K)
 Metaspace       used 138049K, capacity 142947K, committed 143172K, reserved 1173504K
  class space    used 17162K, capacity 18836K, committed 18860K, reserved 1048576K
}
Event: 1120,115 GC heap after
{Heap after GC invocations=86 (full 0):
 garbage-first heap   total 324608K, used 170856K [0x0000000080000000, 0x0000000100000000)
  region size 1024K, 1 young (1024K), 1 survivors (1024K)
 Metaspace       used 138049K, capacity 142947K, committed 143172K, reserved 1173504K
  class space    used 17162K, capacity 18836K, committed 18860K, reserved 1048576K
}
Event: 1327,059 GC heap before
{Heap before GC invocations=87 (full 0):
 garbage-first heap   total 324608K, used 233320K [0x0000000080000000, 0x0000000100000000)
  region size 1024K, 85 young (87040K), 1 survivors (1024K)
 Metaspace       used 138128K, capacity 143013K, committed 143172K, reserved 1173504K
  class space    used 17162K, capacity 18836K, committed 18860K, reserved 1048576K
}
Event: 1327,070 GC heap after
{Heap after GC invocations=88 (full 0):
 garbage-first heap   total 324608K, used 135351K [0x0000000080000000, 0x0000000100000000)
  region size 1024K, 5 young (5120K), 5 survivors (5120K)
 Metaspace       used 138128K, capacity 143013K, committed 143172K, reserved 1173504K
  class space    used 17162K, capacity 18836K, committed 18860K, reserved 1048576K
}
Event: 1327,092 GC heap before
{Heap before GC invocations=88 (full 0):
 garbage-first heap   total 324608K, used 144567K [0x0000000080000000, 0x0000000100000000)
  region size 1024K, 15 young (15360K), 5 survivors (5120K)
 Metaspace       used 138128K, capacity 143013K, committed 143172K, reserved 1173504K
  class space    used 17162K, capacity 18836K, committed 18860K, reserved 1048576K
}
Event: 1327,103 GC heap after
{Heap after GC invocations=89 (full 0):
 garbage-first heap   total 324608K, used 123953K [0x0000000080000000, 0x0000000100000000)
  region size 1024K, 1 young (1024K), 1 survivors (1024K)
 Metaspace       used 138128K, capacity 143013K, committed 143172K, reserved 1173504K
  class space    used 17162K, capacity 18836K, committed 18860K, reserved 1048576K
}
Event: 1364,660 GC heap before
{Heap before GC invocations=89 (full 0):
 garbage-first heap   total 324608K, used 243761K [0x0000000080000000, 0x0000000100000000)
  region size 1024K, 119 young (121856K), 1 survivors (1024K)
 Metaspace       used 138193K, capacity 143061K, committed 143172K, reserved 1173504K
  class space    used 17169K, capacity 18849K, committed 18860K, reserved 1048576K
}
Event: 1364,681 GC heap after
{Heap after GC invocations=90 (full 0):
 garbage-first heap   total 324608K, used 128697K [0x0000000080000000, 0x0000000100000000)
  region size 1024K, 6 young (6144K), 6 survivors (6144K)
 Metaspace       used 138193K, capacity 143061K, committed 143172K, reserved 1173504K
  class space    used 17169K, capacity 18849K, committed 18860K, reserved 1048576K
}
Event: 1386,432 GC heap before
{Heap before GC invocations=91 (full 0):
 garbage-first heap   total 324608K, used 251577K [0x0000000080000000, 0x0000000100000000)
  region size 1024K, 125 young (128000K), 6 survivors (6144K)
 Metaspace       used 138308K, capacity 143171K, committed 143556K, reserved 1173504K
  class space    used 17176K, capacity 18862K, committed 18988K, reserved 1048576K
}
Event: 1386,443 GC heap after
{Heap after GC invocations=92 (full 0):
 garbage-first heap   total 324608K, used 131399K [0x0000000080000000, 0x0000000100000000)
  region size 1024K, 6 young (6144K), 6 survivors (6144K)
 Metaspace       used 138308K, capacity 143171K, committed 143556K, reserved 1173504K
  class space    used 17176K, capacity 18862K, committed 18988K, reserved 1048576K
}
Event: 1386,470 GC heap before
{Heap before GC invocations=92 (full 0):
 garbage-first heap   total 324608K, used 141639K [0x0000000080000000, 0x0000000100000000)
  region size 1024K, 15 young (15360K), 6 survivors (6144K)
 Metaspace       used 138310K, capacity 143171K, committed 143556K, reserved 1173504K
  class space    used 17176K, capacity 18862K, committed 18988K, reserved 1048576K
}
Event: 1386,477 GC heap after
{Heap after GC invocations=93 (full 0):
 garbage-first heap   total 324608K, used 126265K [0x0000000080000000, 0x0000000100000000)
  region size 1024K, 2 young (2048K), 2 survivors (2048K)
 Metaspace       used 138310K, capacity 143171K, committed 143556K, reserved 1173504K
  class space    used 17176K, capacity 18862K, committed 18988K, reserved 1048576K
}
Event: 1386,594 GC heap before
{Heap before GC invocations=93 (full 0):
 garbage-first heap   total 324608K, used 156985K [0x0000000080000000, 0x0000000100000000)
  region size 1024K, 34 young (34816K), 2 survivors (2048K)
 Metaspace       used 138393K, capacity 143253K, committed 143556K, reserved 1173504K
  class space    used 17177K, capacity 18864K, committed 18988K, reserved 1048576K
}
Event: 1386,602 GC heap after
{Heap after GC invocations=94 (full 0):
 garbage-first heap   total 324608K, used 124893K [0x0000000080000000, 0x0000000100000000)
  region size 1024K, 3 young (3072K), 3 survivors (3072K)
 Metaspace       used 138393K, capacity 143253K, committed 143556K, reserved 1173504K
  class space    used 17177K, capacity 18864K, committed 18988K, reserved 1048576K
}
Event: 1387,397 GC heap before
{Heap before GC invocations=95 (full 0):
 garbage-first heap   total 324608K, used 276445K [0x0000000080000000, 0x0000000100000000)
  region size 1024K, 131 young (134144K), 3 survivors (3072K)
 Metaspace       used 138402K, capacity 143254K, committed 143556K, reserved 1173504K
  class space    used 17178K, capacity 18864K, committed 18988K, reserved 1048576K
}
Event: 1387,430 GC heap after
{Heap after GC invocations=96 (full 0):
 garbage-first heap   total 324608K, used 175481K [0x0000000080000000, 0x0000000100000000)
  region size 1024K, 17 young (17408K), 17 survivors (17408K)
 Metaspace       used 138402K, capacity 143254K, committed 143556K, reserved 1173504K
  class space    used 17178K, capacity 18864K, committed 18988K, reserved 1048576K
}
Event: 1387,432 GC heap before
{Heap before GC invocations=96 (full 0):
 garbage-first heap   total 324608K, used 176505K [0x0000000080000000, 0x0000000100000000)
  region size 1024K, 18 young (18432K), 17 survivors (17408K)
 Metaspace       used 138402K, capacity 143254K, committed 143556K, reserved 1173504K
  class space    used 17178K, capacity 18864K, committed 18988K, reserved 1048576K
}
Event: 1387,458 GC heap after
{Heap after GC invocations=97 (full 0):
 garbage-first heap   total 324608K, used 173581K [0x0000000080000000, 0x0000000100000000)
  region size 1024K, 2 young (2048K), 2 survivors (2048K)
 Metaspace       used 138402K, capacity 143254K, committed 143556K, reserved 1173504K
  class space    used 17178K, capacity 18864K, committed 18988K, reserved 1048576K
}
Event: 1387,494 GC heap before
{Heap before GC invocations=97 (full 0):
 garbage-first heap   total 324608K, used 179725K [0x0000000080000000, 0x0000000100000000)
  region size 1024K, 10 young (10240K), 2 survivors (2048K)
 Metaspace       used 138405K, capacity 143254K, committed 143556K, reserved 1173504K
  class space    used 17178K, capacity 18864K, committed 18988K, reserved 1048576K
}
Event: 1387,503 GC heap after
{Heap after GC invocations=98 (full 0):
 garbage-first heap   total 324608K, used 174460K [0x0000000080000000, 0x0000000100000000)
  region size 1024K, 3 young (3072K), 3 survivors (3072K)
 Metaspace       used 138405K, capacity 143254K, committed 143556K, reserved 1173504K
  class space    used 17178K, capacity 18864K, committed 18988K, reserved 1048576K
}

