# JRE version: OpenJDK Runtime Environment (11.0.8) (build 11.0.8+0-b944-P17168821)
# Java VM: OpenJDK 64-Bit Server VM (11.0.8+0-b944-6842174, mixed mode, tiered, compressed oops, g1 gc, linux-amd64)
Heap:
 garbage-first heap   total 311296K, used 203652K [0x0000000080000000, 0x0000000100000000)
  region size 1024K, 30 young (30720K), 12 survivors (12288K)
 Metaspace       used 119715K, capacity 123298K, committed 123648K, reserved 1157120K
  class space    used 14855K, capacity 16259K, committed 16384K, reserved 1048576K
GC Heap History (20 events):
Event: 558,453 GC heap before
{Heap before GC invocations=31 (full 0):
 garbage-first heap   total 311296K, used 156844K [0x0000000080000000, 0x0000000100000000)
  region size 1024K, 17 young (17408K), 14 survivors (14336K)
 Metaspace       used 95656K, capacity 98021K, committed 98176K, reserved 1134592K
  class space    used 11530K, capacity 12374K, committed 12416K, reserved 1048576K
}
Event: 558,476 GC heap after
{Heap after GC invocations=32 (full 0):
 garbage-first heap   total 311296K, used 158302K [0x0000000080000000, 0x0000000100000000)
  region size 1024K, 3 young (3072K), 3 survivors (3072K)
 Metaspace       used 95656K, capacity 98021K, committed 98176K, reserved 1134592K
  class space    used 11530K, capacity 12374K, committed 12416K, reserved 1048576K
}
Event: 558,650 GC heap before
{Heap before GC invocations=32 (full 0):
 garbage-first heap   total 311296K, used 180830K [0x0000000080000000, 0x0000000100000000)
  region size 1024K, 57 young (58368K), 3 survivors (3072K)
 Metaspace       used 95746K, capacity 98150K, committed 98432K, reserved 1134592K
  class space    used 11530K, capacity 12374K, committed 12416K, reserved 1048576K
}
Event: 558,671 GC heap after
{Heap after GC invocations=33 (full 0):
 garbage-first heap   total 311296K, used 128738K [0x0000000080000000, 0x0000000100000000)
  region size 1024K, 6 young (6144K), 6 survivors (6144K)
 Metaspace       used 95746K, capacity 98150K, committed 98432K, reserved 1134592K
  class space    used 11530K, capacity 12374K, committed 12416K, reserved 1048576K
}
Event: 558,886 GC heap before
{Heap before GC invocations=34 (full 0):
 garbage-first heap   total 311296K, used 216802K [0x0000000080000000, 0x0000000100000000)
  region size 1024K, 77 young (78848K), 6 survivors (6144K)
 Metaspace       used 95802K, capacity 98152K, committed 98432K, reserved 1134592K
  class space    used 11530K, capacity 12374K, committed 12416K, reserved 1048576K
}
Event: 558,901 GC heap after
{Heap after GC invocations=35 (full 0):
 garbage-first heap   total 311296K, used 131221K [0x0000000080000000, 0x0000000100000000)
  region size 1024K, 10 young (10240K), 10 survivors (10240K)
 Metaspace       used 95802K, capacity 98152K, committed 98432K, reserved 1134592K
  class space    used 11530K, capacity 12374K, committed 12416K, reserved 1048576K
}
Event: 558,908 GC heap before
{Heap before GC invocations=35 (full 0):
 garbage-first heap   total 311296K, used 136341K [0x0000000080000000, 0x0000000100000000)
  region size 1024K, 15 young (15360K), 10 survivors (10240K)
 Metaspace       used 95811K, capacity 98152K, committed 98432K, reserved 1134592K
  class space    used 11530K, capacity 12374K, committed 12416K, reserved 1048576K
}
Event: 558,921 GC heap after
{Heap after GC invocations=36 (full 0):
 garbage-first heap   total 311296K, used 106203K [0x0000000080000000, 0x0000000100000000)
  region size 1024K, 2 young (2048K), 2 survivors (2048K)
 Metaspace       used 95811K, capacity 98152K, committed 98432K, reserved 1134592K
  class space    used 11530K, capacity 12374K, committed 12416K, reserved 1048576K
}
Event: 559,155 GC heap before
{Heap before GC invocations=36 (full 0):
 garbage-first heap   total 311296K, used 197339K [0x0000000080000000, 0x0000000100000000)
  region size 1024K, 92 young (94208K), 2 survivors (2048K)
 Metaspace       used 95827K, capacity 98167K, committed 98432K, reserved 1134592K
  class space    used 11533K, capacity 12379K, committed 12416K, reserved 1048576K
}
Event: 559,171 GC heap after
{Heap after GC invocations=37 (full 0):
 garbage-first heap   total 311296K, used 107777K [0x0000000080000000, 0x0000000100000000)
  region size 1024K, 3 young (3072K), 3 survivors (3072K)
 Metaspace       used 95827K, capacity 98167K, committed 98432K, reserved 1134592K
  class space    used 11533K, capacity 12379K, committed 12416K, reserved 1048576K
}
Event: 560,884 GC heap before
{Heap before GC invocations=37 (full 0):
 garbage-first heap   total 311296K, used 208129K [0x0000000080000000, 0x0000000100000000)
  region size 1024K, 102 young (104448K), 3 survivors (3072K)
 Metaspace       used 97749K, capacity 100163K, committed 100352K, reserved 1136640K
  class space    used 11730K, capacity 12543K, committed 12544K, reserved 1048576K
}
Event: 560,892 GC heap after
{Heap after GC invocations=38 (full 0):
 garbage-first heap   total 311296K, used 112509K [0x0000000080000000, 0x0000000100000000)
  region size 1024K, 8 young (8192K), 8 survivors (8192K)
 Metaspace       used 97749K, capacity 100163K, committed 100352K, reserved 1136640K
  class space    used 11730K, capacity 12543K, committed 12544K, reserved 1048576K
}
Event: 562,519 GC heap before
{Heap before GC invocations=38 (full 0):
 garbage-first heap   total 311296K, used 217981K [0x0000000080000000, 0x0000000100000000)
  region size 1024K, 110 young (112640K), 8 survivors (8192K)
 Metaspace       used 107213K, capacity 109842K, committed 110080K, reserved 1144832K
  class space    used 12868K, capacity 13760K, committed 13824K, reserved 1048576K
}
Event: 562,529 GC heap after
{Heap after GC invocations=39 (full 0):
 garbage-first heap   total 311296K, used 119034K [0x0000000080000000, 0x0000000100000000)
  region size 1024K, 12 young (12288K), 12 survivors (12288K)
 Metaspace       used 107213K, capacity 109842K, committed 110080K, reserved 1144832K
  class space    used 12868K, capacity 13760K, committed 13824K, reserved 1048576K
}
Event: 563,396 GC heap before
{Heap before GC invocations=39 (full 0):
 garbage-first heap   total 311296K, used 229626K [0x0000000080000000, 0x0000000100000000)
  region size 1024K, 117 young (119808K), 12 survivors (12288K)
 Metaspace       used 116097K, capacity 119405K, committed 119680K, reserved 1153024K
  class space    used 14342K, capacity 15643K, committed 15744K, reserved 1048576K
}
Event: 563,420 GC heap after
{Heap after GC invocations=40 (full 0):
 garbage-first heap   total 311296K, used 139867K [0x0000000080000000, 0x0000000100000000)
  region size 1024K, 15 young (15360K), 15 survivors (15360K)
 Metaspace       used 116097K, capacity 119405K, committed 119680K, reserved 1153024K
  class space    used 14342K, capacity 15643K, committed 15744K, reserved 1048576K
}
Event: 564,128 GC heap before
{Heap before GC invocations=40 (full 0):
 garbage-first heap   total 311296K, used 246363K [0x0000000080000000, 0x0000000100000000)
  region size 1024K, 105 young (107520K), 15 survivors (15360K)
 Metaspace       used 118609K, capacity 122182K, committed 122368K, reserved 1155072K
  class space    used 14700K, capacity 16085K, committed 16128K, reserved 1048576K
}
Event: 564,154 GC heap after
{Heap after GC invocations=41 (full 0):
 garbage-first heap   total 311296K, used 160256K [0x0000000080000000, 0x0000000100000000)
  region size 1024K, 14 young (14336K), 14 survivors (14336K)
 Metaspace       used 118609K, capacity 122182K, committed 122368K, reserved 1155072K
  class space    used 14700K, capacity 16085K, committed 16128K, reserved 1048576K
}
Event: 564,689 GC heap before
{Heap before GC invocations=41 (full 0):
 garbage-first heap   total 311296K, used 238080K [0x0000000080000000, 0x0000000100000000)
  region size 1024K, 91 young (93184K), 14 survivors (14336K)
 Metaspace       used 119662K, capacity 123226K, committed 123392K, reserved 1157120K
  class space    used 14855K, capacity 16259K, committed 16384K, reserved 1048576K
}
Event: 564,792 GC heap after
{Heap after GC invocations=42 (full 0):
 garbage-first heap   total 311296K, used 184196K [0x0000000080000000, 0x0000000100000000)
  region size 1024K, 12 young (12288K), 12 survivors (12288K)
 Metaspace       used 119662K, capacity 123226K, committed 123392K, reserved 1157120K
  class space    used 14855K, capacity 16259K, committed 16384K, reserved 1048576K
}

