# JRE version: OpenJDK Runtime Environment (11.0.8) (build 11.0.8+0-b944-P17168821)
# Java VM: OpenJDK 64-Bit Server VM (11.0.8+0-b944-6842174, mixed mode, tiered, compressed oops, g1 gc, linux-amd64)
Heap:
 garbage-first heap   total 405504K, used 280917K [0x0000000080000000, 0x0000000100000000)
  region size 1024K, 115 young (117760K), 19 survivors (19456K)
 Metaspace       used 117304K, capacity 120709K, committed 121036K, reserved 1155072K
  class space    used 14991K, capacity 16326K, committed 16384K, reserved 1048576K
GC Heap History (20 events):
Event: 6,950 GC heap before
{Heap before GC invocations=7 (full 0):
 garbage-first heap   total 256000K, used 171231K [0x0000000080000000, 0x0000000100000000)
  region size 1024K, 150 young (153600K), 10 survivors (10240K)
 Metaspace       used 56396K, capacity 57771K, committed 58112K, reserved 1099776K
  class space    used 7194K, capacity 7641K, committed 7680K, reserved 1048576K
}
Event: 6,978 GC heap after
{Heap after GC invocations=8 (full 0):
 garbage-first heap   total 256000K, used 39920K [0x0000000080000000, 0x0000000100000000)
  region size 1024K, 19 young (19456K), 19 survivors (19456K)
 Metaspace       used 56396K, capacity 57771K, committed 58112K, reserved 1099776K
  class space    used 7194K, capacity 7641K, committed 7680K, reserved 1048576K
}
Event: 7,446 GC heap before
{Heap before GC invocations=8 (full 0):
 garbage-first heap   total 256000K, used 77808K [0x0000000080000000, 0x0000000100000000)
  region size 1024K, 57 young (58368K), 19 survivors (19456K)
 Metaspace       used 58431K, capacity 59825K, committed 60160K, reserved 1101824K
  class space    used 7432K, capacity 7914K, committed 7936K, reserved 1048576K
}
Event: 7,477 GC heap after
{Heap after GC invocations=9 (full 0):
 garbage-first heap   total 307200K, used 44995K [0x0000000080000000, 0x0000000100000000)
  region size 1024K, 5 young (5120K), 5 survivors (5120K)
 Metaspace       used 58431K, capacity 59825K, committed 60160K, reserved 1101824K
  class space    used 7432K, capacity 7914K, committed 7936K, reserved 1048576K
}
Event: 9,486 GC heap before
{Heap before GC invocations=10 (full 0):
 garbage-first heap   total 307200K, used 161731K [0x0000000080000000, 0x0000000100000000)
  region size 1024K, 120 young (122880K), 5 survivors (5120K)
 Metaspace       used 71833K, capacity 73573K, committed 73676K, reserved 1114112K
  class space    used 9385K, capacity 9942K, committed 9984K, reserved 1048576K
}
Event: 9,503 GC heap after
{Heap after GC invocations=11 (full 0):
 garbage-first heap   total 307200K, used 50417K [0x0000000080000000, 0x0000000100000000)
  region size 1024K, 11 young (11264K), 11 survivors (11264K)
 Metaspace       used 71833K, capacity 73573K, committed 73676K, reserved 1114112K
  class space    used 9385K, capacity 9942K, committed 9984K, reserved 1048576K
}
Event: 11,332 GC heap before
{Heap before GC invocations=11 (full 0):
 garbage-first heap   total 307200K, used 175345K [0x0000000080000000, 0x0000000100000000)
  region size 1024K, 134 young (137216K), 11 survivors (11264K)
 Metaspace       used 75894K, capacity 77874K, committed 78156K, reserved 1116160K
  class space    used 9899K, capacity 10595K, committed 10624K, reserved 1048576K
}
Event: 11,360 GC heap after
{Heap after GC invocations=12 (full 0):
 garbage-first heap   total 307200K, used 58722K [0x0000000080000000, 0x0000000100000000)
  region size 1024K, 15 young (15360K), 15 survivors (15360K)
 Metaspace       used 75894K, capacity 77874K, committed 78156K, reserved 1116160K
  class space    used 9899K, capacity 10595K, committed 10624K, reserved 1048576K
}
Event: 13,335 GC heap before
{Heap before GC invocations=12 (full 0):
 garbage-first heap   total 307200K, used 189794K [0x0000000080000000, 0x0000000100000000)
  region size 1024K, 144 young (147456K), 15 survivors (15360K)
 Metaspace       used 80717K, capacity 82730K, committed 82892K, reserved 1120256K
  class space    used 10443K, capacity 11154K, committed 11264K, reserved 1048576K
}
Event: 13,357 GC heap after
{Heap after GC invocations=13 (full 0):
 garbage-first heap   total 307200K, used 65616K [0x0000000080000000, 0x0000000100000000)
  region size 1024K, 15 young (15360K), 15 survivors (15360K)
 Metaspace       used 80717K, capacity 82730K, committed 82892K, reserved 1120256K
  class space    used 10443K, capacity 11154K, committed 11264K, reserved 1048576K
}
Event: 15,623 GC heap before
{Heap before GC invocations=13 (full 0):
 garbage-first heap   total 307200K, used 202832K [0x0000000080000000, 0x0000000100000000)
  region size 1024K, 148 young (151552K), 15 survivors (15360K)
 Metaspace       used 96150K, capacity 98303K, committed 98764K, reserved 1134592K
  class space    used 12253K, capacity 12995K, committed 13056K, reserved 1048576K
}
Event: 15,668 GC heap after
{Heap after GC invocations=14 (full 0):
 garbage-first heap   total 307200K, used 81714K [0x0000000080000000, 0x0000000100000000)
  region size 1024K, 19 young (19456K), 19 survivors (19456K)
 Metaspace       used 96150K, capacity 98303K, committed 98764K, reserved 1134592K
  class space    used 12253K, capacity 12995K, committed 13056K, reserved 1048576K
}
Event: 16,462 GC heap before
{Heap before GC invocations=14 (full 0):
 garbage-first heap   total 307200K, used 117554K [0x0000000080000000, 0x0000000100000000)
  region size 1024K, 55 young (56320K), 19 survivors (19456K)
 Metaspace       used 98391K, capacity 100565K, committed 100812K, reserved 1136640K
  class space    used 12472K, capacity 13232K, committed 13312K, reserved 1048576K
}
Event: 16,608 GC heap after
{Heap after GC invocations=15 (full 0):
 garbage-first heap   total 307200K, used 85841K [0x0000000080000000, 0x0000000100000000)
  region size 1024K, 4 young (4096K), 4 survivors (4096K)
 Metaspace       used 98391K, capacity 100565K, committed 100812K, reserved 1136640K
  class space    used 12472K, capacity 13232K, committed 13312K, reserved 1048576K
}
Event: 18,086 GC heap before
{Heap before GC invocations=16 (full 0):
 garbage-first heap   total 307200K, used 188241K [0x0000000080000000, 0x0000000100000000)
  region size 1024K, 101 young (103424K), 4 survivors (4096K)
 Metaspace       used 103200K, capacity 105631K, committed 105932K, reserved 1140736K
  class space    used 13092K, capacity 13997K, committed 14080K, reserved 1048576K
}
Event: 18,114 GC heap after
{Heap after GC invocations=17 (full 0):
 garbage-first heap   total 405504K, used 102157K [0x0000000080000000, 0x0000000100000000)
  region size 1024K, 13 young (13312K), 13 survivors (13312K)
 Metaspace       used 103200K, capacity 105631K, committed 105932K, reserved 1140736K
  class space    used 13092K, capacity 13997K, committed 14080K, reserved 1048576K
}
Event: 19,825 GC heap before
{Heap before GC invocations=17 (full 0):
 garbage-first heap   total 405504K, used 255757K [0x0000000080000000, 0x0000000100000000)
  region size 1024K, 149 young (152576K), 13 survivors (13312K)
 Metaspace       used 110932K, capacity 114121K, committed 114508K, reserved 1148928K
  class space    used 14335K, capacity 15644K, committed 15744K, reserved 1048576K
}
Event: 19,863 GC heap after
{Heap after GC invocations=18 (full 0):
 garbage-first heap   total 405504K, used 124264K [0x0000000080000000, 0x0000000100000000)
  region size 1024K, 19 young (19456K), 19 survivors (19456K)
 Metaspace       used 110932K, capacity 114121K, committed 114508K, reserved 1148928K
  class space    used 14335K, capacity 15644K, committed 15744K, reserved 1048576K
}
Event: 21,774 GC heap before
{Heap before GC invocations=18 (full 0):
 garbage-first heap   total 405504K, used 266600K [0x0000000080000000, 0x0000000100000000)
  region size 1024K, 152 young (155648K), 19 survivors (19456K)
 Metaspace       used 112073K, capacity 115313K, committed 115404K, reserved 1148928K
  class space    used 14490K, capacity 15815K, committed 15872K, reserved 1048576K
}
Event: 21,839 GC heap after
{Heap after GC invocations=19 (full 0):
 garbage-first heap   total 405504K, used 160085K [0x0000000080000000, 0x0000000100000000)
  region size 1024K, 19 young (19456K), 19 survivors (19456K)
 Metaspace       used 112073K, capacity 115313K, committed 115404K, reserved 1148928K
  class space    used 14490K, capacity 15815K, committed 15872K, reserved 1048576K
}

